{"__type":"$$EventMessageWorkflow","id":"016d3e52-7820-4039-9d9b-63d0e6a7390d","ts":"2025-07-09T14:41:56.660+00:00","eventName":"n8n.workflow.started","message":"n8n.workflow.started","payload":{"executionId":"65","workflowId":"7tcjhj7Y84N4wekY","isManual":false,"workflowName":"My workflow"}}
{"__type":"$$EventMessageConfirm","confirm":"016d3e52-7820-4039-9d9b-63d0e6a7390d","ts":"2025-07-09T14:41:56.660+00:00","source":{"id":"0","name":"eventBus"}}
{"__type":"$$EventMessageNode","id":"6463e213-719d-467a-b037-cf4bd4839a5d","ts":"2025-07-09T14:41:56.661+00:00","eventName":"n8n.node.started","message":"n8n.node.started","payload":{"workflowId":"7tcjhj7Y84N4wekY","workflowName":"My workflow","executionId":"65","nodeType":"n8n-nodes-base.manualTrigger","nodeName":"When clicking ‘Execute workflow’","nodeId":"bb314571-2c93-4e4f-b9cf-31adc3e0b9d1"}}
{"__type":"$$EventMessageConfirm","confirm":"6463e213-719d-467a-b037-cf4bd4839a5d","ts":"2025-07-09T14:41:56.661+00:00","source":{"id":"0","name":"eventBus"}}
{"__type":"$$EventMessageNode","id":"314460a6-1b0d-431c-96f9-25012b94dfd4","ts":"2025-07-09T14:41:56.665+00:00","eventName":"n8n.node.finished","message":"n8n.node.finished","payload":{"workflowId":"7tcjhj7Y84N4wekY","workflowName":"My workflow","executionId":"65","nodeType":"n8n-nodes-base.manualTrigger","nodeName":"When clicking ‘Execute workflow’","nodeId":"bb314571-2c93-4e4f-b9cf-31adc3e0b9d1"}}
{"__type":"$$EventMessageConfirm","confirm":"314460a6-1b0d-431c-96f9-25012b94dfd4","ts":"2025-07-09T14:41:56.665+00:00","source":{"id":"0","name":"eventBus"}}
{"__type":"$$EventMessageNode","id":"74ce2e03-991d-4305-8a60-1d9f2756931a","ts":"2025-07-09T14:41:56.665+00:00","eventName":"n8n.node.started","message":"n8n.node.started","payload":{"workflowId":"7tcjhj7Y84N4wekY","workflowName":"My workflow","executionId":"65","nodeType":"n8n-nodes-base.googleSheets","nodeName":"Get row(s) in sheet","nodeId":"04c675a8-a457-4dfe-8852-281c3838e703"}}
{"__type":"$$EventMessageConfirm","confirm":"74ce2e03-991d-4305-8a60-1d9f2756931a","ts":"2025-07-09T14:41:56.665+00:00","source":{"id":"0","name":"eventBus"}}
{"__type":"$$EventMessageNode","id":"6264d826-b94e-4f39-8b96-455993a14a19","ts":"2025-07-09T14:41:58.887+00:00","eventName":"n8n.node.finished","message":"n8n.node.finished","payload":{"workflowId":"7tcjhj7Y84N4wekY","workflowName":"My workflow","executionId":"65","nodeType":"n8n-nodes-base.googleSheets","nodeName":"Get row(s) in sheet","nodeId":"04c675a8-a457-4dfe-8852-281c3838e703"}}
{"__type":"$$EventMessageConfirm","confirm":"6264d826-b94e-4f39-8b96-455993a14a19","ts":"2025-07-09T14:41:58.887+00:00","source":{"id":"0","name":"eventBus"}}
{"__type":"$$EventMessageNode","id":"ce2e7d32-771f-43b4-b360-46e9e65d6c15","ts":"2025-07-09T14:41:58.887+00:00","eventName":"n8n.node.started","message":"n8n.node.started","payload":{"workflowId":"7tcjhj7Y84N4wekY","workflowName":"My workflow","executionId":"65","nodeType":"n8n-nodes-base.summarize","nodeName":"Summarize","nodeId":"64c139f7-bc36-4a05-a20c-6a4c3e7b9e0d"}}
{"__type":"$$EventMessageConfirm","confirm":"ce2e7d32-771f-43b4-b360-46e9e65d6c15","ts":"2025-07-09T14:41:58.887+00:00","source":{"id":"0","name":"eventBus"}}
{"__type":"$$EventMessageNode","id":"d847b8a5-a28d-4723-b462-9f24d30b76d2","ts":"2025-07-09T14:41:58.892+00:00","eventName":"n8n.node.finished","message":"n8n.node.finished","payload":{"workflowId":"7tcjhj7Y84N4wekY","workflowName":"My workflow","executionId":"65","nodeType":"n8n-nodes-base.summarize","nodeName":"Summarize","nodeId":"64c139f7-bc36-4a05-a20c-6a4c3e7b9e0d"}}
{"__type":"$$EventMessageConfirm","confirm":"d847b8a5-a28d-4723-b462-9f24d30b76d2","ts":"2025-07-09T14:41:58.892+00:00","source":{"id":"0","name":"eventBus"}}
{"__type":"$$EventMessageNode","id":"678e5553-038c-41eb-b9aa-f3197f7fe59a","ts":"2025-07-09T14:41:58.893+00:00","eventName":"n8n.node.started","message":"n8n.node.started","payload":{"workflowId":"7tcjhj7Y84N4wekY","workflowName":"My workflow","executionId":"65","nodeType":"n8n-nodes-base.code","nodeName":"Code","nodeId":"65f6290c-ebb0-45c6-9ca6-15957fc9b95b"}}
{"__type":"$$EventMessageConfirm","confirm":"678e5553-038c-41eb-b9aa-f3197f7fe59a","ts":"2025-07-09T14:41:58.893+00:00","source":{"id":"0","name":"eventBus"}}
{"__type":"$$EventMessageNode","id":"06a65955-6797-48bc-8b94-852466858b3b","ts":"2025-07-09T21:41:58.931+07:00","eventName":"n8n.node.finished","message":"n8n.node.finished","payload":{"workflowId":"7tcjhj7Y84N4wekY","workflowName":"My workflow","executionId":"65","nodeType":"n8n-nodes-base.code","nodeName":"Code","nodeId":"65f6290c-ebb0-45c6-9ca6-15957fc9b95b"}}
{"__type":"$$EventMessageConfirm","confirm":"06a65955-6797-48bc-8b94-852466858b3b","ts":"2025-07-09T21:41:58.931+07:00","source":{"id":"0","name":"eventBus"}}
{"__type":"$$EventMessageWorkflow","id":"7061532c-5298-4293-a60a-43ff2acf10c7","ts":"2025-07-09T21:41:58.937+07:00","eventName":"n8n.workflow.success","message":"n8n.workflow.success","payload":{"userId":"d51a9ccf-1093-430b-b894-5a2f4dca9e27","executionId":"65","success":true,"isManual":true,"workflowId":"7tcjhj7Y84N4wekY","workflowName":"My workflow"}}
{"__type":"$$EventMessageConfirm","confirm":"7061532c-5298-4293-a60a-43ff2acf10c7","ts":"2025-07-09T21:41:58.937+07:00","source":{"id":"0","name":"eventBus"}}
{"__type":"$$EventMessageWorkflow","id":"8c83c7f9-29fd-45ff-ac16-1892f54d51b2","ts":"2025-07-09T21:43:23.719+07:00","eventName":"n8n.workflow.started","message":"n8n.workflow.started","payload":{"executionId":"66","workflowId":"7tcjhj7Y84N4wekY","isManual":false,"workflowName":"My workflow"}}
{"__type":"$$EventMessageConfirm","confirm":"8c83c7f9-29fd-45ff-ac16-1892f54d51b2","ts":"2025-07-09T21:43:23.720+07:00","source":{"id":"0","name":"eventBus"}}
{"__type":"$$EventMessageNode","id":"e9eaea56-d293-4abe-91eb-596bb02f93c3","ts":"2025-07-09T21:43:23.720+07:00","eventName":"n8n.node.started","message":"n8n.node.started","payload":{"workflowId":"7tcjhj7Y84N4wekY","workflowName":"My workflow","executionId":"66","nodeType":"n8n-nodes-base.httpRequest","nodeName":"HTTP Request","nodeId":"9230c811-013a-46d8-8fb3-64065b85d494"}}
{"__type":"$$EventMessageConfirm","confirm":"e9eaea56-d293-4abe-91eb-596bb02f93c3","ts":"2025-07-09T21:43:23.720+07:00","source":{"id":"0","name":"eventBus"}}
{"__type":"$$EventMessageNode","id":"2c99e12a-7957-42bf-8470-7570dee6d1e6","ts":"2025-07-09T21:43:23.764+07:00","eventName":"n8n.node.finished","message":"n8n.node.finished","payload":{"workflowId":"7tcjhj7Y84N4wekY","workflowName":"My workflow","executionId":"66","nodeType":"n8n-nodes-base.httpRequest","nodeName":"HTTP Request","nodeId":"9230c811-013a-46d8-8fb3-64065b85d494"}}
{"__type":"$$EventMessageConfirm","confirm":"2c99e12a-7957-42bf-8470-7570dee6d1e6","ts":"2025-07-09T21:43:23.764+07:00","source":{"id":"0","name":"eventBus"}}
{"__type":"$$EventMessageWorkflow","id":"8ac7c612-e023-42f2-b9b8-58cce5cdce40","ts":"2025-07-09T21:43:23.768+07:00","eventName":"n8n.workflow.failed","message":"n8n.workflow.failed","payload":{"userId":"d51a9ccf-1093-430b-b894-5a2f4dca9e27","executionId":"66","success":false,"isManual":true,"workflowId":"7tcjhj7Y84N4wekY","workflowName":"My workflow","lastNodeExecuted":"HTTP Request","errorNodeType":"n8n-nodes-base.httpRequest","errorMessage":"The service refused the connection - perhaps it is offline"}}
{"__type":"$$EventMessageConfirm","confirm":"8ac7c612-e023-42f2-b9b8-58cce5cdce40","ts":"2025-07-09T21:43:23.769+07:00","source":{"id":"0","name":"eventBus"}}
{"__type":"$$EventMessageWorkflow","id":"47475c6a-b2e8-4867-b0d3-668826012ec3","ts":"2025-07-09T21:43:33.496+07:00","eventName":"n8n.workflow.started","message":"n8n.workflow.started","payload":{"executionId":"67","workflowId":"7tcjhj7Y84N4wekY","isManual":false,"workflowName":"My workflow"}}
{"__type":"$$EventMessageConfirm","confirm":"47475c6a-b2e8-4867-b0d3-668826012ec3","ts":"2025-07-09T21:43:33.496+07:00","source":{"id":"0","name":"eventBus"}}
{"__type":"$$EventMessageNode","id":"cb1f2194-3916-4f28-9a38-e054c6d08de7","ts":"2025-07-09T21:43:33.497+07:00","eventName":"n8n.node.started","message":"n8n.node.started","payload":{"workflowId":"7tcjhj7Y84N4wekY","workflowName":"My workflow","executionId":"67","nodeType":"n8n-nodes-base.httpRequest","nodeName":"HTTP Request","nodeId":"9230c811-013a-46d8-8fb3-64065b85d494"}}
{"__type":"$$EventMessageConfirm","confirm":"cb1f2194-3916-4f28-9a38-e054c6d08de7","ts":"2025-07-09T21:43:33.497+07:00","source":{"id":"0","name":"eventBus"}}
{"__type":"$$EventMessageNode","id":"63cad68a-b57c-4f9a-b0bb-b0708ba238f4","ts":"2025-07-09T21:43:33.513+07:00","eventName":"n8n.node.finished","message":"n8n.node.finished","payload":{"workflowId":"7tcjhj7Y84N4wekY","workflowName":"My workflow","executionId":"67","nodeType":"n8n-nodes-base.httpRequest","nodeName":"HTTP Request","nodeId":"9230c811-013a-46d8-8fb3-64065b85d494"}}
{"__type":"$$EventMessageConfirm","confirm":"63cad68a-b57c-4f9a-b0bb-b0708ba238f4","ts":"2025-07-09T21:43:33.514+07:00","source":{"id":"0","name":"eventBus"}}
{"__type":"$$EventMessageWorkflow","id":"f08f8f74-f8f1-47a1-a344-72f42e05b919","ts":"2025-07-09T21:43:33.520+07:00","eventName":"n8n.workflow.failed","message":"n8n.workflow.failed","payload":{"userId":"d51a9ccf-1093-430b-b894-5a2f4dca9e27","executionId":"67","success":false,"isManual":true,"workflowId":"7tcjhj7Y84N4wekY","workflowName":"My workflow","lastNodeExecuted":"HTTP Request","errorNodeType":"n8n-nodes-base.httpRequest","errorMessage":"The service refused the connection - perhaps it is offline"}}
{"__type":"$$EventMessageConfirm","confirm":"f08f8f74-f8f1-47a1-a344-72f42e05b919","ts":"2025-07-09T21:43:33.520+07:00","source":{"id":"0","name":"eventBus"}}
{"__type":"$$EventMessageWorkflow","id":"a4546cf2-5792-40fc-a418-80e23e23e173","ts":"2025-07-09T21:44:06.070+07:00","eventName":"n8n.workflow.started","message":"n8n.workflow.started","payload":{"executionId":"68","workflowId":"7tcjhj7Y84N4wekY","isManual":false,"workflowName":"My workflow"}}
{"__type":"$$EventMessageConfirm","confirm":"a4546cf2-5792-40fc-a418-80e23e23e173","ts":"2025-07-09T21:44:06.070+07:00","source":{"id":"0","name":"eventBus"}}
{"__type":"$$EventMessageNode","id":"d6c056fe-a70a-47d7-8cb7-d32bbbcecadb","ts":"2025-07-09T21:44:06.071+07:00","eventName":"n8n.node.started","message":"n8n.node.started","payload":{"workflowId":"7tcjhj7Y84N4wekY","workflowName":"My workflow","executionId":"68","nodeType":"n8n-nodes-base.httpRequest","nodeName":"HTTP Request","nodeId":"9230c811-013a-46d8-8fb3-64065b85d494"}}
{"__type":"$$EventMessageConfirm","confirm":"d6c056fe-a70a-47d7-8cb7-d32bbbcecadb","ts":"2025-07-09T21:44:06.072+07:00","source":{"id":"0","name":"eventBus"}}
{"__type":"$$EventMessageNode","id":"906f6d72-141b-45fc-a53a-d2cfc83729d0","ts":"2025-07-09T21:44:06.105+07:00","eventName":"n8n.node.finished","message":"n8n.node.finished","payload":{"workflowId":"7tcjhj7Y84N4wekY","workflowName":"My workflow","executionId":"68","nodeType":"n8n-nodes-base.httpRequest","nodeName":"HTTP Request","nodeId":"9230c811-013a-46d8-8fb3-64065b85d494"}}
{"__type":"$$EventMessageConfirm","confirm":"906f6d72-141b-45fc-a53a-d2cfc83729d0","ts":"2025-07-09T21:44:06.105+07:00","source":{"id":"0","name":"eventBus"}}
{"__type":"$$EventMessageWorkflow","id":"a0bb36e3-2033-4e7c-bfb2-cd687122d751","ts":"2025-07-09T21:44:06.107+07:00","eventName":"n8n.workflow.success","message":"n8n.workflow.success","payload":{"userId":"d51a9ccf-1093-430b-b894-5a2f4dca9e27","executionId":"68","success":true,"isManual":true,"workflowId":"7tcjhj7Y84N4wekY","workflowName":"My workflow"}}
{"__type":"$$EventMessageConfirm","confirm":"a0bb36e3-2033-4e7c-bfb2-cd687122d751","ts":"2025-07-09T21:44:06.108+07:00","source":{"id":"0","name":"eventBus"}}
{"__type":"$$EventMessageWorkflow","id":"6b2fceb0-ea5b-430f-8b27-3904a98f2e18","ts":"2025-07-09T21:44:46.178+07:00","eventName":"n8n.workflow.started","message":"n8n.workflow.started","payload":{"executionId":"69","workflowId":"7tcjhj7Y84N4wekY","isManual":false,"workflowName":"My workflow"}}
{"__type":"$$EventMessageConfirm","confirm":"6b2fceb0-ea5b-430f-8b27-3904a98f2e18","ts":"2025-07-09T21:44:46.178+07:00","source":{"id":"0","name":"eventBus"}}
{"__type":"$$EventMessageNode","id":"2d8b5ed0-e587-4a15-8ddd-7ed899a7c9dd","ts":"2025-07-09T21:44:46.179+07:00","eventName":"n8n.node.started","message":"n8n.node.started","payload":{"workflowId":"7tcjhj7Y84N4wekY","workflowName":"My workflow","executionId":"69","nodeType":"n8n-nodes-base.httpRequest","nodeName":"HTTP Request","nodeId":"9230c811-013a-46d8-8fb3-64065b85d494"}}
{"__type":"$$EventMessageConfirm","confirm":"2d8b5ed0-e587-4a15-8ddd-7ed899a7c9dd","ts":"2025-07-09T21:44:46.179+07:00","source":{"id":"0","name":"eventBus"}}
{"__type":"$$EventMessageNode","id":"c6d99c37-94b8-4754-9616-2b83ded320d7","ts":"2025-07-09T21:45:10.285+07:00","eventName":"n8n.node.finished","message":"n8n.node.finished","payload":{"workflowId":"7tcjhj7Y84N4wekY","workflowName":"My workflow","executionId":"69","nodeType":"n8n-nodes-base.httpRequest","nodeName":"HTTP Request","nodeId":"9230c811-013a-46d8-8fb3-64065b85d494"}}
{"__type":"$$EventMessageConfirm","confirm":"c6d99c37-94b8-4754-9616-2b83ded320d7","ts":"2025-07-09T21:45:10.285+07:00","source":{"id":"0","name":"eventBus"}}
{"__type":"$$EventMessageWorkflow","id":"57947e03-5fd5-4414-9fbc-0afe20ba74e7","ts":"2025-07-09T21:45:10.288+07:00","eventName":"n8n.workflow.success","message":"n8n.workflow.success","payload":{"userId":"d51a9ccf-1093-430b-b894-5a2f4dca9e27","executionId":"69","success":true,"isManual":true,"workflowId":"7tcjhj7Y84N4wekY","workflowName":"My workflow"}}
{"__type":"$$EventMessageConfirm","confirm":"57947e03-5fd5-4414-9fbc-0afe20ba74e7","ts":"2025-07-09T21:45:10.288+07:00","source":{"id":"0","name":"eventBus"}}
