{"__type":"$$EventMessageWorkflow","id":"8cae2aae-73ed-4fba-8798-5693c12ff78e","ts":"2025-07-09T16:25:10.537+00:00","eventName":"n8n.workflow.started","message":"n8n.workflow.started","payload":{"executionId":"72","workflowId":"7tcjhj7Y84N4wekY","isManual":false,"workflowName":"My workflow"}}
{"__type":"$$EventMessageConfirm","confirm":"8cae2aae-73ed-4fba-8798-5693c12ff78e","ts":"2025-07-09T16:25:10.538+00:00","source":{"id":"0","name":"eventBus"}}
{"__type":"$$EventMessageNode","id":"f4857990-038d-4cfd-a141-52188c60cc9e","ts":"2025-07-09T16:25:10.539+00:00","eventName":"n8n.node.started","message":"n8n.node.started","payload":{"workflowId":"7tcjhj7Y84N4wekY","workflowName":"My workflow","executionId":"72","nodeType":"n8n-nodes-base.manualTrigger","nodeName":"When clicking ‘Execute workflow’","nodeId":"bb314571-2c93-4e4f-b9cf-31adc3e0b9d1"}}
{"__type":"$$EventMessageConfirm","confirm":"f4857990-038d-4cfd-a141-52188c60cc9e","ts":"2025-07-09T16:25:10.539+00:00","source":{"id":"0","name":"eventBus"}}
{"__type":"$$EventMessageNode","id":"8d25ba7d-0229-4fd1-a05b-ce067da45556","ts":"2025-07-09T16:25:10.544+00:00","eventName":"n8n.node.finished","message":"n8n.node.finished","payload":{"workflowId":"7tcjhj7Y84N4wekY","workflowName":"My workflow","executionId":"72","nodeType":"n8n-nodes-base.manualTrigger","nodeName":"When clicking ‘Execute workflow’","nodeId":"bb314571-2c93-4e4f-b9cf-31adc3e0b9d1"}}
{"__type":"$$EventMessageConfirm","confirm":"8d25ba7d-0229-4fd1-a05b-ce067da45556","ts":"2025-07-09T16:25:10.544+00:00","source":{"id":"0","name":"eventBus"}}
{"__type":"$$EventMessageNode","id":"b0c7c971-6aeb-4134-93bb-bc713e8de56b","ts":"2025-07-09T16:25:10.545+00:00","eventName":"n8n.node.started","message":"n8n.node.started","payload":{"workflowId":"7tcjhj7Y84N4wekY","workflowName":"My workflow","executionId":"72","nodeType":"n8n-nodes-base.googleSheets","nodeName":"Get row(s) in sheet","nodeId":"04c675a8-a457-4dfe-8852-281c3838e703"}}
{"__type":"$$EventMessageConfirm","confirm":"b0c7c971-6aeb-4134-93bb-bc713e8de56b","ts":"2025-07-09T16:25:10.545+00:00","source":{"id":"0","name":"eventBus"}}
{"__type":"$$EventMessageNode","id":"607902a7-1c26-4523-a775-fbe95bbc4f0a","ts":"2025-07-09T16:25:13.768+00:00","eventName":"n8n.node.finished","message":"n8n.node.finished","payload":{"workflowId":"7tcjhj7Y84N4wekY","workflowName":"My workflow","executionId":"72","nodeType":"n8n-nodes-base.googleSheets","nodeName":"Get row(s) in sheet","nodeId":"04c675a8-a457-4dfe-8852-281c3838e703"}}
{"__type":"$$EventMessageConfirm","confirm":"607902a7-1c26-4523-a775-fbe95bbc4f0a","ts":"2025-07-09T16:25:13.768+00:00","source":{"id":"0","name":"eventBus"}}
{"__type":"$$EventMessageNode","id":"2088652e-c3f6-4ee9-9219-75475b5e03f2","ts":"2025-07-09T16:25:13.769+00:00","eventName":"n8n.node.started","message":"n8n.node.started","payload":{"workflowId":"7tcjhj7Y84N4wekY","workflowName":"My workflow","executionId":"72","nodeType":"n8n-nodes-base.summarize","nodeName":"Summarize","nodeId":"64c139f7-bc36-4a05-a20c-6a4c3e7b9e0d"}}
{"__type":"$$EventMessageConfirm","confirm":"2088652e-c3f6-4ee9-9219-75475b5e03f2","ts":"2025-07-09T16:25:13.769+00:00","source":{"id":"0","name":"eventBus"}}
{"__type":"$$EventMessageNode","id":"33e6b886-18ae-4af0-b721-6b715ebf501e","ts":"2025-07-09T16:25:13.772+00:00","eventName":"n8n.node.finished","message":"n8n.node.finished","payload":{"workflowId":"7tcjhj7Y84N4wekY","workflowName":"My workflow","executionId":"72","nodeType":"n8n-nodes-base.summarize","nodeName":"Summarize","nodeId":"64c139f7-bc36-4a05-a20c-6a4c3e7b9e0d"}}
{"__type":"$$EventMessageConfirm","confirm":"33e6b886-18ae-4af0-b721-6b715ebf501e","ts":"2025-07-09T16:25:13.772+00:00","source":{"id":"0","name":"eventBus"}}
{"__type":"$$EventMessageNode","id":"4cfde6c6-9688-44b8-bead-c5dd4e343c48","ts":"2025-07-09T16:25:13.772+00:00","eventName":"n8n.node.started","message":"n8n.node.started","payload":{"workflowId":"7tcjhj7Y84N4wekY","workflowName":"My workflow","executionId":"72","nodeType":"n8n-nodes-base.code","nodeName":"Code","nodeId":"65f6290c-ebb0-45c6-9ca6-15957fc9b95b"}}
{"__type":"$$EventMessageConfirm","confirm":"4cfde6c6-9688-44b8-bead-c5dd4e343c48","ts":"2025-07-09T16:25:13.773+00:00","source":{"id":"0","name":"eventBus"}}
{"__type":"$$EventMessageNode","id":"61ea5bf7-df86-407f-b120-53f6289bd67b","ts":"2025-07-09T23:25:13.808+07:00","eventName":"n8n.node.finished","message":"n8n.node.finished","payload":{"workflowId":"7tcjhj7Y84N4wekY","workflowName":"My workflow","executionId":"72","nodeType":"n8n-nodes-base.code","nodeName":"Code","nodeId":"65f6290c-ebb0-45c6-9ca6-15957fc9b95b"}}
{"__type":"$$EventMessageConfirm","confirm":"61ea5bf7-df86-407f-b120-53f6289bd67b","ts":"2025-07-09T23:25:13.808+07:00","source":{"id":"0","name":"eventBus"}}
{"__type":"$$EventMessageNode","id":"fc52f7cf-04e3-4440-88df-472886205230","ts":"2025-07-09T23:25:13.809+07:00","eventName":"n8n.node.started","message":"n8n.node.started","payload":{"workflowId":"7tcjhj7Y84N4wekY","workflowName":"My workflow","executionId":"72","nodeType":"n8n-nodes-base.httpRequest","nodeName":"HTTP Request","nodeId":"9230c811-013a-46d8-8fb3-64065b85d494"}}
{"__type":"$$EventMessageConfirm","confirm":"fc52f7cf-04e3-4440-88df-472886205230","ts":"2025-07-09T23:25:13.809+07:00","source":{"id":"0","name":"eventBus"}}
{"__type":"$$EventMessageNode","id":"c9aa3809-590c-492c-accf-7c0db2baf9df","ts":"2025-07-09T23:26:22.748+07:00","eventName":"n8n.node.finished","message":"n8n.node.finished","payload":{"workflowId":"7tcjhj7Y84N4wekY","workflowName":"My workflow","executionId":"72","nodeType":"n8n-nodes-base.httpRequest","nodeName":"HTTP Request","nodeId":"9230c811-013a-46d8-8fb3-64065b85d494"}}
{"__type":"$$EventMessageConfirm","confirm":"c9aa3809-590c-492c-accf-7c0db2baf9df","ts":"2025-07-09T23:26:22.749+07:00","source":{"id":"0","name":"eventBus"}}
{"__type":"$$EventMessageWorkflow","id":"9e8f9098-e004-4667-a66b-f17a24ddf845","ts":"2025-07-09T23:26:22.753+07:00","eventName":"n8n.workflow.success","message":"n8n.workflow.success","payload":{"userId":"d51a9ccf-1093-430b-b894-5a2f4dca9e27","executionId":"72","success":true,"isManual":true,"workflowId":"7tcjhj7Y84N4wekY","workflowName":"My workflow"}}
{"__type":"$$EventMessageConfirm","confirm":"9e8f9098-e004-4667-a66b-f17a24ddf845","ts":"2025-07-09T23:26:22.753+07:00","source":{"id":"0","name":"eventBus"}}
