{"__type":"$$EventMessageWorkflow","id":"e3a4981c-12af-49b1-b78c-bbc2a1692333","ts":"2025-07-13T15:05:07.627+00:00","eventName":"n8n.workflow.started","message":"n8n.workflow.started","payload":{"executionId":"73","workflowId":"7tcjhj7Y84N4wekY","isManual":false,"workflowName":"My workflow"}}
{"__type":"$$EventMessageConfirm","confirm":"e3a4981c-12af-49b1-b78c-bbc2a1692333","ts":"2025-07-13T15:05:07.627+00:00","source":{"id":"0","name":"eventBus"}}
{"__type":"$$EventMessageNode","id":"2f9b528b-6b1e-44e0-a991-702df1db8f1e","ts":"2025-07-13T15:05:07.629+00:00","eventName":"n8n.node.started","message":"n8n.node.started","payload":{"workflowId":"7tcjhj7Y84N4wekY","workflowName":"My workflow","executionId":"73","nodeType":"n8n-nodes-base.manualTrigger","nodeName":"When clicking ‘Execute workflow’","nodeId":"bb314571-2c93-4e4f-b9cf-31adc3e0b9d1"}}
{"__type":"$$EventMessageConfirm","confirm":"2f9b528b-6b1e-44e0-a991-702df1db8f1e","ts":"2025-07-13T15:05:07.629+00:00","source":{"id":"0","name":"eventBus"}}
{"__type":"$$EventMessageNode","id":"351c495e-3fe3-478d-8a7c-57acecb5d583","ts":"2025-07-13T15:05:07.633+00:00","eventName":"n8n.node.finished","message":"n8n.node.finished","payload":{"workflowId":"7tcjhj7Y84N4wekY","workflowName":"My workflow","executionId":"73","nodeType":"n8n-nodes-base.manualTrigger","nodeName":"When clicking ‘Execute workflow’","nodeId":"bb314571-2c93-4e4f-b9cf-31adc3e0b9d1"}}
{"__type":"$$EventMessageConfirm","confirm":"351c495e-3fe3-478d-8a7c-57acecb5d583","ts":"2025-07-13T15:05:07.633+00:00","source":{"id":"0","name":"eventBus"}}
{"__type":"$$EventMessageWorkflow","id":"aa0fc3ae-504a-4cb5-9826-1b394b8bc9db","ts":"2025-07-13T15:05:07.638+00:00","eventName":"n8n.workflow.success","message":"n8n.workflow.success","payload":{"userId":"d51a9ccf-1093-430b-b894-5a2f4dca9e27","executionId":"73","success":true,"isManual":true,"workflowId":"7tcjhj7Y84N4wekY","workflowName":"My workflow"}}
{"__type":"$$EventMessageConfirm","confirm":"aa0fc3ae-504a-4cb5-9826-1b394b8bc9db","ts":"2025-07-13T15:05:07.638+00:00","source":{"id":"0","name":"eventBus"}}
{"__type":"$$EventMessageWorkflow","id":"99751095-2fcf-46ce-95f4-4d54be1fc6f8","ts":"2025-07-13T15:05:29.930+00:00","eventName":"n8n.workflow.started","message":"n8n.workflow.started","payload":{"executionId":"74","workflowId":"7tcjhj7Y84N4wekY","isManual":false,"workflowName":"My workflow"}}
{"__type":"$$EventMessageConfirm","confirm":"99751095-2fcf-46ce-95f4-4d54be1fc6f8","ts":"2025-07-13T15:05:29.931+00:00","source":{"id":"0","name":"eventBus"}}
{"__type":"$$EventMessageNode","id":"0b969f0e-6fda-47cf-9e0c-2321876a5aa6","ts":"2025-07-13T15:05:29.931+00:00","eventName":"n8n.node.started","message":"n8n.node.started","payload":{"workflowId":"7tcjhj7Y84N4wekY","workflowName":"My workflow","executionId":"74","nodeType":"n8n-nodes-base.manualTrigger","nodeName":"When clicking ‘Execute workflow’","nodeId":"bb314571-2c93-4e4f-b9cf-31adc3e0b9d1"}}
{"__type":"$$EventMessageConfirm","confirm":"0b969f0e-6fda-47cf-9e0c-2321876a5aa6","ts":"2025-07-13T15:05:29.931+00:00","source":{"id":"0","name":"eventBus"}}
{"__type":"$$EventMessageNode","id":"87dd75a0-43ef-41e1-99c4-8233c6a48732","ts":"2025-07-13T15:05:29.934+00:00","eventName":"n8n.node.finished","message":"n8n.node.finished","payload":{"workflowId":"7tcjhj7Y84N4wekY","workflowName":"My workflow","executionId":"74","nodeType":"n8n-nodes-base.manualTrigger","nodeName":"When clicking ‘Execute workflow’","nodeId":"bb314571-2c93-4e4f-b9cf-31adc3e0b9d1"}}
{"__type":"$$EventMessageConfirm","confirm":"87dd75a0-43ef-41e1-99c4-8233c6a48732","ts":"2025-07-13T15:05:29.934+00:00","source":{"id":"0","name":"eventBus"}}
{"__type":"$$EventMessageNode","id":"b5a5e66d-e0ae-4977-a3c4-25d817ee55d3","ts":"2025-07-13T15:05:29.935+00:00","eventName":"n8n.node.started","message":"n8n.node.started","payload":{"workflowId":"7tcjhj7Y84N4wekY","workflowName":"My workflow","executionId":"74","nodeType":"n8n-nodes-base.googleSheets","nodeName":"Get row(s) in sheet","nodeId":"04c675a8-a457-4dfe-8852-281c3838e703"}}
{"__type":"$$EventMessageConfirm","confirm":"b5a5e66d-e0ae-4977-a3c4-25d817ee55d3","ts":"2025-07-13T15:05:29.935+00:00","source":{"id":"0","name":"eventBus"}}
{"__type":"$$EventMessageNode","id":"22a93ba8-d5d5-4cb5-a317-03c1d110551b","ts":"2025-07-13T15:05:31.899+00:00","eventName":"n8n.node.finished","message":"n8n.node.finished","payload":{"workflowId":"7tcjhj7Y84N4wekY","workflowName":"My workflow","executionId":"74","nodeType":"n8n-nodes-base.googleSheets","nodeName":"Get row(s) in sheet","nodeId":"04c675a8-a457-4dfe-8852-281c3838e703"}}
{"__type":"$$EventMessageConfirm","confirm":"22a93ba8-d5d5-4cb5-a317-03c1d110551b","ts":"2025-07-13T15:05:31.899+00:00","source":{"id":"0","name":"eventBus"}}
{"__type":"$$EventMessageNode","id":"d1feaf74-314f-4d31-9ccc-e2b58d23a0a2","ts":"2025-07-13T15:05:31.900+00:00","eventName":"n8n.node.started","message":"n8n.node.started","payload":{"workflowId":"7tcjhj7Y84N4wekY","workflowName":"My workflow","executionId":"74","nodeType":"n8n-nodes-base.summarize","nodeName":"Summarize","nodeId":"64c139f7-bc36-4a05-a20c-6a4c3e7b9e0d"}}
{"__type":"$$EventMessageConfirm","confirm":"d1feaf74-314f-4d31-9ccc-e2b58d23a0a2","ts":"2025-07-13T15:05:31.900+00:00","source":{"id":"0","name":"eventBus"}}
{"__type":"$$EventMessageNode","id":"6a55947e-9b8f-451f-8964-63e08f255942","ts":"2025-07-13T15:05:31.902+00:00","eventName":"n8n.node.finished","message":"n8n.node.finished","payload":{"workflowId":"7tcjhj7Y84N4wekY","workflowName":"My workflow","executionId":"74","nodeType":"n8n-nodes-base.summarize","nodeName":"Summarize","nodeId":"64c139f7-bc36-4a05-a20c-6a4c3e7b9e0d"}}
{"__type":"$$EventMessageConfirm","confirm":"6a55947e-9b8f-451f-8964-63e08f255942","ts":"2025-07-13T15:05:31.902+00:00","source":{"id":"0","name":"eventBus"}}
{"__type":"$$EventMessageNode","id":"db61129c-4498-4a60-8030-be3e0f46d2f6","ts":"2025-07-13T15:05:31.903+00:00","eventName":"n8n.node.started","message":"n8n.node.started","payload":{"workflowId":"7tcjhj7Y84N4wekY","workflowName":"My workflow","executionId":"74","nodeType":"n8n-nodes-base.code","nodeName":"Code","nodeId":"65f6290c-ebb0-45c6-9ca6-15957fc9b95b"}}
{"__type":"$$EventMessageConfirm","confirm":"db61129c-4498-4a60-8030-be3e0f46d2f6","ts":"2025-07-13T15:05:31.903+00:00","source":{"id":"0","name":"eventBus"}}
{"__type":"$$EventMessageNode","id":"25823d92-6c63-45c2-b407-0ecacb762c4f","ts":"2025-07-13T22:05:31.934+07:00","eventName":"n8n.node.finished","message":"n8n.node.finished","payload":{"workflowId":"7tcjhj7Y84N4wekY","workflowName":"My workflow","executionId":"74","nodeType":"n8n-nodes-base.code","nodeName":"Code","nodeId":"65f6290c-ebb0-45c6-9ca6-15957fc9b95b"}}
{"__type":"$$EventMessageConfirm","confirm":"25823d92-6c63-45c2-b407-0ecacb762c4f","ts":"2025-07-13T22:05:31.934+07:00","source":{"id":"0","name":"eventBus"}}
{"__type":"$$EventMessageNode","id":"bb8b207d-d884-4f90-9e0e-c86fb50a23f1","ts":"2025-07-13T22:05:31.935+07:00","eventName":"n8n.node.started","message":"n8n.node.started","payload":{"workflowId":"7tcjhj7Y84N4wekY","workflowName":"My workflow","executionId":"74","nodeType":"n8n-nodes-base.httpRequest","nodeName":"HTTP Request","nodeId":"9230c811-013a-46d8-8fb3-64065b85d494"}}
{"__type":"$$EventMessageConfirm","confirm":"bb8b207d-d884-4f90-9e0e-c86fb50a23f1","ts":"2025-07-13T22:05:31.935+07:00","source":{"id":"0","name":"eventBus"}}
{"__type":"$$EventMessageNode","id":"68691f31-1add-4ac4-ab1a-75038d0e648e","ts":"2025-07-13T22:06:00.264+07:00","eventName":"n8n.node.finished","message":"n8n.node.finished","payload":{"workflowId":"7tcjhj7Y84N4wekY","workflowName":"My workflow","executionId":"74","nodeType":"n8n-nodes-base.httpRequest","nodeName":"HTTP Request","nodeId":"9230c811-013a-46d8-8fb3-64065b85d494"}}
{"__type":"$$EventMessageConfirm","confirm":"68691f31-1add-4ac4-ab1a-75038d0e648e","ts":"2025-07-13T22:06:00.265+07:00","source":{"id":"0","name":"eventBus"}}
{"__type":"$$EventMessageWorkflow","id":"744f965d-a015-4270-8805-d09cc041f6a4","ts":"2025-07-13T22:06:00.267+07:00","eventName":"n8n.workflow.success","message":"n8n.workflow.success","payload":{"userId":"d51a9ccf-1093-430b-b894-5a2f4dca9e27","executionId":"74","success":true,"isManual":true,"workflowId":"7tcjhj7Y84N4wekY","workflowName":"My workflow"}}
{"__type":"$$EventMessageConfirm","confirm":"744f965d-a015-4270-8805-d09cc041f6a4","ts":"2025-07-13T22:06:00.268+07:00","source":{"id":"0","name":"eventBus"}}
{"__type":"$$EventMessageWorkflow","id":"23c28a13-c7d9-4147-9598-802e2ec0f187","ts":"2025-07-13T23:15:18.148+07:00","eventName":"n8n.workflow.started","message":"n8n.workflow.started","payload":{"executionId":"75","workflowId":"7tcjhj7Y84N4wekY","isManual":false,"workflowName":"My workflow"}}
{"__type":"$$EventMessageConfirm","confirm":"23c28a13-c7d9-4147-9598-802e2ec0f187","ts":"2025-07-13T23:15:18.149+07:00","source":{"id":"0","name":"eventBus"}}
{"__type":"$$EventMessageNode","id":"fae72c79-d9af-440b-84fa-590d6a6b6abe","ts":"2025-07-13T23:15:18.150+07:00","eventName":"n8n.node.started","message":"n8n.node.started","payload":{"workflowId":"7tcjhj7Y84N4wekY","workflowName":"My workflow","executionId":"75","nodeType":"n8n-nodes-base.manualTrigger","nodeName":"When clicking ‘Execute workflow’","nodeId":"bb314571-2c93-4e4f-b9cf-31adc3e0b9d1"}}
{"__type":"$$EventMessageConfirm","confirm":"fae72c79-d9af-440b-84fa-590d6a6b6abe","ts":"2025-07-13T23:15:18.150+07:00","source":{"id":"0","name":"eventBus"}}
{"__type":"$$EventMessageNode","id":"766c87ab-d98b-4220-b036-1bd7d20d0d73","ts":"2025-07-13T23:15:18.152+07:00","eventName":"n8n.node.finished","message":"n8n.node.finished","payload":{"workflowId":"7tcjhj7Y84N4wekY","workflowName":"My workflow","executionId":"75","nodeType":"n8n-nodes-base.manualTrigger","nodeName":"When clicking ‘Execute workflow’","nodeId":"bb314571-2c93-4e4f-b9cf-31adc3e0b9d1"}}
{"__type":"$$EventMessageConfirm","confirm":"766c87ab-d98b-4220-b036-1bd7d20d0d73","ts":"2025-07-13T23:15:18.152+07:00","source":{"id":"0","name":"eventBus"}}
{"__type":"$$EventMessageNode","id":"a021b194-d9f3-41df-94df-e47c13971e4e","ts":"2025-07-13T23:15:18.153+07:00","eventName":"n8n.node.started","message":"n8n.node.started","payload":{"workflowId":"7tcjhj7Y84N4wekY","workflowName":"My workflow","executionId":"75","nodeType":"n8n-nodes-base.googleSheets","nodeName":"Get row(s) in sheet","nodeId":"04c675a8-a457-4dfe-8852-281c3838e703"}}
{"__type":"$$EventMessageConfirm","confirm":"a021b194-d9f3-41df-94df-e47c13971e4e","ts":"2025-07-13T23:15:18.153+07:00","source":{"id":"0","name":"eventBus"}}
{"__type":"$$EventMessageNode","id":"eee5142f-6859-4737-bc34-f8c15c9384c1","ts":"2025-07-13T23:15:20.068+07:00","eventName":"n8n.node.finished","message":"n8n.node.finished","payload":{"workflowId":"7tcjhj7Y84N4wekY","workflowName":"My workflow","executionId":"75","nodeType":"n8n-nodes-base.googleSheets","nodeName":"Get row(s) in sheet","nodeId":"04c675a8-a457-4dfe-8852-281c3838e703"}}
{"__type":"$$EventMessageConfirm","confirm":"eee5142f-6859-4737-bc34-f8c15c9384c1","ts":"2025-07-13T23:15:20.068+07:00","source":{"id":"0","name":"eventBus"}}
{"__type":"$$EventMessageNode","id":"86c00772-2272-403b-a2cf-ae4b324f8468","ts":"2025-07-13T23:15:20.069+07:00","eventName":"n8n.node.started","message":"n8n.node.started","payload":{"workflowId":"7tcjhj7Y84N4wekY","workflowName":"My workflow","executionId":"75","nodeType":"n8n-nodes-base.summarize","nodeName":"Summarize","nodeId":"64c139f7-bc36-4a05-a20c-6a4c3e7b9e0d"}}
{"__type":"$$EventMessageConfirm","confirm":"86c00772-2272-403b-a2cf-ae4b324f8468","ts":"2025-07-13T23:15:20.069+07:00","source":{"id":"0","name":"eventBus"}}
{"__type":"$$EventMessageNode","id":"e9c02e9a-9eda-48e8-bd96-6a4e14c3e1a2","ts":"2025-07-13T23:15:20.071+07:00","eventName":"n8n.node.finished","message":"n8n.node.finished","payload":{"workflowId":"7tcjhj7Y84N4wekY","workflowName":"My workflow","executionId":"75","nodeType":"n8n-nodes-base.summarize","nodeName":"Summarize","nodeId":"64c139f7-bc36-4a05-a20c-6a4c3e7b9e0d"}}
{"__type":"$$EventMessageConfirm","confirm":"e9c02e9a-9eda-48e8-bd96-6a4e14c3e1a2","ts":"2025-07-13T23:15:20.071+07:00","source":{"id":"0","name":"eventBus"}}
{"__type":"$$EventMessageNode","id":"45f3a515-eb92-4216-870f-e2047eb75a39","ts":"2025-07-13T23:15:20.071+07:00","eventName":"n8n.node.started","message":"n8n.node.started","payload":{"workflowId":"7tcjhj7Y84N4wekY","workflowName":"My workflow","executionId":"75","nodeType":"n8n-nodes-base.code","nodeName":"Code","nodeId":"65f6290c-ebb0-45c6-9ca6-15957fc9b95b"}}
{"__type":"$$EventMessageConfirm","confirm":"45f3a515-eb92-4216-870f-e2047eb75a39","ts":"2025-07-13T23:15:20.072+07:00","source":{"id":"0","name":"eventBus"}}
{"__type":"$$EventMessageNode","id":"74ad03f1-dabd-479d-b5f6-efb8483c7c28","ts":"2025-07-13T23:15:20.084+07:00","eventName":"n8n.node.finished","message":"n8n.node.finished","payload":{"workflowId":"7tcjhj7Y84N4wekY","workflowName":"My workflow","executionId":"75","nodeType":"n8n-nodes-base.code","nodeName":"Code","nodeId":"65f6290c-ebb0-45c6-9ca6-15957fc9b95b"}}
{"__type":"$$EventMessageConfirm","confirm":"74ad03f1-dabd-479d-b5f6-efb8483c7c28","ts":"2025-07-13T23:15:20.084+07:00","source":{"id":"0","name":"eventBus"}}
{"__type":"$$EventMessageNode","id":"aef68ae8-ca43-42fc-86a3-3189774fb736","ts":"2025-07-13T23:15:20.085+07:00","eventName":"n8n.node.started","message":"n8n.node.started","payload":{"workflowId":"7tcjhj7Y84N4wekY","workflowName":"My workflow","executionId":"75","nodeType":"n8n-nodes-base.httpRequest","nodeName":"HTTP Request","nodeId":"9230c811-013a-46d8-8fb3-64065b85d494"}}
{"__type":"$$EventMessageConfirm","confirm":"aef68ae8-ca43-42fc-86a3-3189774fb736","ts":"2025-07-13T23:15:20.085+07:00","source":{"id":"0","name":"eventBus"}}
{"__type":"$$EventMessageNode","id":"76d9da67-8eb6-42ec-b7ed-b01f9fdf024d","ts":"2025-07-13T23:16:10.933+07:00","eventName":"n8n.node.finished","message":"n8n.node.finished","payload":{"workflowId":"7tcjhj7Y84N4wekY","workflowName":"My workflow","executionId":"75","nodeType":"n8n-nodes-base.httpRequest","nodeName":"HTTP Request","nodeId":"9230c811-013a-46d8-8fb3-64065b85d494"}}
{"__type":"$$EventMessageConfirm","confirm":"76d9da67-8eb6-42ec-b7ed-b01f9fdf024d","ts":"2025-07-13T23:16:10.933+07:00","source":{"id":"0","name":"eventBus"}}
{"__type":"$$EventMessageWorkflow","id":"92e15543-0e7d-4c71-96da-af3968d38af5","ts":"2025-07-13T23:16:10.938+07:00","eventName":"n8n.workflow.success","message":"n8n.workflow.success","payload":{"userId":"d51a9ccf-1093-430b-b894-5a2f4dca9e27","executionId":"75","success":true,"isManual":true,"workflowId":"7tcjhj7Y84N4wekY","workflowName":"My workflow"}}
{"__type":"$$EventMessageConfirm","confirm":"92e15543-0e7d-4c71-96da-af3968d38af5","ts":"2025-07-13T23:16:10.938+07:00","source":{"id":"0","name":"eventBus"}}
{"__type":"$$EventMessageWorkflow","id":"d945be1a-6942-4339-aaa0-028b776a9b04","ts":"2025-07-14T00:42:03.017+07:00","eventName":"n8n.workflow.started","message":"n8n.workflow.started","payload":{"executionId":"76","workflowId":"7tcjhj7Y84N4wekY","isManual":false,"workflowName":"My workflow"}}
{"__type":"$$EventMessageConfirm","confirm":"d945be1a-6942-4339-aaa0-028b776a9b04","ts":"2025-07-14T00:42:03.021+07:00","source":{"id":"0","name":"eventBus"}}
{"__type":"$$EventMessageNode","id":"28c0ed40-8acd-48c7-8418-4d524a580fc7","ts":"2025-07-14T00:42:03.027+07:00","eventName":"n8n.node.started","message":"n8n.node.started","payload":{"workflowId":"7tcjhj7Y84N4wekY","workflowName":"My workflow","executionId":"76","nodeType":"n8n-nodes-base.manualTrigger","nodeName":"When clicking ‘Execute workflow’","nodeId":"bb314571-2c93-4e4f-b9cf-31adc3e0b9d1"}}
{"__type":"$$EventMessageConfirm","confirm":"28c0ed40-8acd-48c7-8418-4d524a580fc7","ts":"2025-07-14T00:42:03.027+07:00","source":{"id":"0","name":"eventBus"}}
{"__type":"$$EventMessageNode","id":"f4e9e6b1-0b6b-4f95-9eb1-1bea7dca27ad","ts":"2025-07-14T00:42:03.042+07:00","eventName":"n8n.node.finished","message":"n8n.node.finished","payload":{"workflowId":"7tcjhj7Y84N4wekY","workflowName":"My workflow","executionId":"76","nodeType":"n8n-nodes-base.manualTrigger","nodeName":"When clicking ‘Execute workflow’","nodeId":"bb314571-2c93-4e4f-b9cf-31adc3e0b9d1"}}
{"__type":"$$EventMessageConfirm","confirm":"f4e9e6b1-0b6b-4f95-9eb1-1bea7dca27ad","ts":"2025-07-14T00:42:03.042+07:00","source":{"id":"0","name":"eventBus"}}
{"__type":"$$EventMessageNode","id":"1ad5c3b5-d08b-46bf-b317-f0a30054b47d","ts":"2025-07-14T00:42:03.043+07:00","eventName":"n8n.node.started","message":"n8n.node.started","payload":{"workflowId":"7tcjhj7Y84N4wekY","workflowName":"My workflow","executionId":"76","nodeType":"n8n-nodes-base.googleSheets","nodeName":"Get row(s) in sheet","nodeId":"04c675a8-a457-4dfe-8852-281c3838e703"}}
{"__type":"$$EventMessageConfirm","confirm":"1ad5c3b5-d08b-46bf-b317-f0a30054b47d","ts":"2025-07-14T00:42:03.043+07:00","source":{"id":"0","name":"eventBus"}}
{"__type":"$$EventMessageNode","id":"7443497d-0ba5-4b78-ab31-feaa17b90440","ts":"2025-07-14T00:42:05.377+07:00","eventName":"n8n.node.finished","message":"n8n.node.finished","payload":{"workflowId":"7tcjhj7Y84N4wekY","workflowName":"My workflow","executionId":"76","nodeType":"n8n-nodes-base.googleSheets","nodeName":"Get row(s) in sheet","nodeId":"04c675a8-a457-4dfe-8852-281c3838e703"}}
{"__type":"$$EventMessageConfirm","confirm":"7443497d-0ba5-4b78-ab31-feaa17b90440","ts":"2025-07-14T00:42:05.377+07:00","source":{"id":"0","name":"eventBus"}}
{"__type":"$$EventMessageNode","id":"52571f3d-c369-40ad-8777-20dbdedbf7c3","ts":"2025-07-14T00:42:05.378+07:00","eventName":"n8n.node.started","message":"n8n.node.started","payload":{"workflowId":"7tcjhj7Y84N4wekY","workflowName":"My workflow","executionId":"76","nodeType":"n8n-nodes-base.summarize","nodeName":"Summarize","nodeId":"64c139f7-bc36-4a05-a20c-6a4c3e7b9e0d"}}
{"__type":"$$EventMessageConfirm","confirm":"52571f3d-c369-40ad-8777-20dbdedbf7c3","ts":"2025-07-14T00:42:05.378+07:00","source":{"id":"0","name":"eventBus"}}
{"__type":"$$EventMessageNode","id":"7825c56e-30bc-4f4b-9193-57bf29a27efb","ts":"2025-07-14T00:42:05.379+07:00","eventName":"n8n.node.finished","message":"n8n.node.finished","payload":{"workflowId":"7tcjhj7Y84N4wekY","workflowName":"My workflow","executionId":"76","nodeType":"n8n-nodes-base.summarize","nodeName":"Summarize","nodeId":"64c139f7-bc36-4a05-a20c-6a4c3e7b9e0d"}}
{"__type":"$$EventMessageConfirm","confirm":"7825c56e-30bc-4f4b-9193-57bf29a27efb","ts":"2025-07-14T00:42:05.379+07:00","source":{"id":"0","name":"eventBus"}}
{"__type":"$$EventMessageNode","id":"4ec394fd-4ea4-4c19-9ad2-4cd27386f103","ts":"2025-07-14T00:42:05.379+07:00","eventName":"n8n.node.started","message":"n8n.node.started","payload":{"workflowId":"7tcjhj7Y84N4wekY","workflowName":"My workflow","executionId":"76","nodeType":"n8n-nodes-base.code","nodeName":"Code","nodeId":"65f6290c-ebb0-45c6-9ca6-15957fc9b95b"}}
{"__type":"$$EventMessageConfirm","confirm":"4ec394fd-4ea4-4c19-9ad2-4cd27386f103","ts":"2025-07-14T00:42:05.379+07:00","source":{"id":"0","name":"eventBus"}}
{"__type":"$$EventMessageNode","id":"e883dba1-bf23-4768-afed-8af928a9ba64","ts":"2025-07-14T00:42:05.431+07:00","eventName":"n8n.node.finished","message":"n8n.node.finished","payload":{"workflowId":"7tcjhj7Y84N4wekY","workflowName":"My workflow","executionId":"76","nodeType":"n8n-nodes-base.code","nodeName":"Code","nodeId":"65f6290c-ebb0-45c6-9ca6-15957fc9b95b"}}
{"__type":"$$EventMessageConfirm","confirm":"e883dba1-bf23-4768-afed-8af928a9ba64","ts":"2025-07-14T00:42:05.431+07:00","source":{"id":"0","name":"eventBus"}}
{"__type":"$$EventMessageNode","id":"009520b0-ebf2-4cf1-9203-59d01d47837a","ts":"2025-07-14T00:42:05.441+07:00","eventName":"n8n.node.started","message":"n8n.node.started","payload":{"workflowId":"7tcjhj7Y84N4wekY","workflowName":"My workflow","executionId":"76","nodeType":"n8n-nodes-base.httpRequest","nodeName":"HTTP Request","nodeId":"9230c811-013a-46d8-8fb3-64065b85d494"}}
{"__type":"$$EventMessageConfirm","confirm":"009520b0-ebf2-4cf1-9203-59d01d47837a","ts":"2025-07-14T00:42:05.441+07:00","source":{"id":"0","name":"eventBus"}}
{"__type":"$$EventMessageNode","id":"6e8b5f95-8df0-4840-ba2e-dec65f63c3f4","ts":"2025-07-14T00:47:05.739+07:00","eventName":"n8n.node.finished","message":"n8n.node.finished","payload":{"workflowId":"7tcjhj7Y84N4wekY","workflowName":"My workflow","executionId":"76","nodeType":"n8n-nodes-base.httpRequest","nodeName":"HTTP Request","nodeId":"9230c811-013a-46d8-8fb3-64065b85d494"}}
{"__type":"$$EventMessageConfirm","confirm":"6e8b5f95-8df0-4840-ba2e-dec65f63c3f4","ts":"2025-07-14T00:47:05.739+07:00","source":{"id":"0","name":"eventBus"}}
{"__type":"$$EventMessageWorkflow","id":"b134b627-00de-4b8a-8153-dac4ad57902e","ts":"2025-07-14T00:47:05.757+07:00","eventName":"n8n.workflow.failed","message":"n8n.workflow.failed","payload":{"userId":"d51a9ccf-1093-430b-b894-5a2f4dca9e27","executionId":"76","success":false,"isManual":true,"workflowId":"7tcjhj7Y84N4wekY","workflowName":"My workflow","lastNodeExecuted":"HTTP Request","errorNodeType":"n8n-nodes-base.httpRequest","errorMessage":"The connection was aborted, perhaps the server is offline"}}
{"__type":"$$EventMessageConfirm","confirm":"b134b627-00de-4b8a-8153-dac4ad57902e","ts":"2025-07-14T00:47:05.757+07:00","source":{"id":"0","name":"eventBus"}}
{"__type":"$$EventMessageAudit","id":"d60d802e-424a-40d8-b75c-b8fea452febf","ts":"2025-07-14T00:52:47.561+07:00","eventName":"n8n.audit.workflow.updated","message":"n8n.audit.workflow.updated","payload":{"userId":"d51a9ccf-1093-430b-b894-5a2f4dca9e27","_email":"anisya@detik.com","_firstName":"Anisya","_lastName":"Mahira Salienka","globalRole":"global:owner","workflowId":"7tcjhj7Y84N4wekY","workflowName":"My workflow"}}
{"__type":"$$EventMessageConfirm","confirm":"d60d802e-424a-40d8-b75c-b8fea452febf","ts":"2025-07-14T00:52:47.561+07:00","source":{"id":"0","name":"eventBus"}}
